# JRE version: OpenJDK Runtime Environment Temurin-17.0.16+8 (17.0.16+8) (build 17.0.16+8)
# Java VM: OpenJDK 64-Bit Server VM Temurin-17.0.16+8 (17.0.16+8, mixed mode, sharing, tiered, compressed oops, compressed class ptrs, g1 gc, windows-amd64)
GC Precious Log:
 CPUs: 4 total, 4 available
 Memory: 8079M
 Large Page Support: Disabled
 NUMA Support: Disabled
 Compressed Oops: Enabled (32-bit)
 Heap Region Size: 1M
 Heap Min Capacity: 8M
 Heap Initial Capacity: 128M
 Heap Max Capacity: 2020M
 Pre-touch: Disabled
 Parallel Workers: 4
 Concurrent Workers: 1
 Concurrent Refinement Workers: 4
 Periodic GC: Disabled
Heap:
 garbage-first heap   total 110592K, used 70110K [0x0000000081c00000, 0x0000000100000000)
  region size 1024K, 41 young (41984K), 2 survivors (2048K)
 Metaspace       used 42879K, committed 43136K, reserved 1114112K
  class space    used 5076K, committed 5184K, reserved 1048576K
GC Heap History (18 events):
Event: 0.821 GC heap before
{Heap before GC invocations=0 (full 0):
 garbage-first heap   total 131072K, used 16384K [0x0000000081c00000, 0x0000000100000000)
  region size 1024K, 13 young (13312K), 0 survivors (0K)
 Metaspace       used 4232K, committed 4352K, reserved 1114112K
  class space    used 323K, committed 384K, reserved 1048576K
}
Event: 0.826 GC heap after
{Heap after GC invocations=1 (full 0):
 garbage-first heap   total 131072K, used 5723K [0x0000000081c00000, 0x0000000100000000)
  region size 1024K, 2 young (2048K), 2 survivors (2048K)
 Metaspace       used 4232K, committed 4352K, reserved 1114112K
  class space    used 323K, committed 384K, reserved 1048576K
}
Event: 1.655 GC heap before
{Heap before GC invocations=1 (full 0):
 garbage-first heap   total 131072K, used 22107K [0x0000000081c00000, 0x0000000100000000)
  region size 1024K, 18 young (18432K), 2 survivors (2048K)
 Metaspace       used 9123K, committed 9280K, reserved 1114112K
  class space    used 920K, committed 960K, reserved 1048576K
}
Event: 1.660 GC heap after
{Heap after GC invocations=2 (full 0):
 garbage-first heap   total 131072K, used 6413K [0x0000000081c00000, 0x0000000100000000)
  region size 1024K, 1 young (1024K), 1 survivors (1024K)
 Metaspace       used 9123K, committed 9280K, reserved 1114112K
  class space    used 920K, committed 960K, reserved 1048576K
}
Event: 4.869 GC heap before
{Heap before GC invocations=2 (full 0):
 garbage-first heap   total 131072K, used 62733K [0x0000000081c00000, 0x0000000100000000)
  region size 1024K, 57 young (58368K), 1 survivors (1024K)
 Metaspace       used 21357K, committed 21504K, reserved 1114112K
  class space    used 2802K, committed 2880K, reserved 1048576K
}
Event: 4.883 GC heap after
{Heap after GC invocations=3 (full 0):
 garbage-first heap   total 131072K, used 14667K [0x0000000081c00000, 0x0000000100000000)
  region size 1024K, 9 young (9216K), 9 survivors (9216K)
 Metaspace       used 21357K, committed 21504K, reserved 1114112K
  class space    used 2802K, committed 2880K, reserved 1048576K
}
Event: 5.624 GC heap before
{Heap before GC invocations=4 (full 0):
 garbage-first heap   total 55296K, used 38219K [0x0000000081c00000, 0x0000000100000000)
  region size 1024K, 32 young (32768K), 9 survivors (9216K)
 Metaspace       used 25263K, committed 25536K, reserved 1114112K
  class space    used 3217K, committed 3328K, reserved 1048576K
}
Event: 5.649 GC heap after
{Heap after GC invocations=5 (full 0):
 garbage-first heap   total 55296K, used 17560K [0x0000000081c00000, 0x0000000100000000)
  region size 1024K, 3 young (3072K), 3 survivors (3072K)
 Metaspace       used 25263K, committed 25536K, reserved 1114112K
  class space    used 3217K, committed 3328K, reserved 1048576K
}
Event: 5.683 GC heap before
{Heap before GC invocations=5 (full 0):
 garbage-first heap   total 55296K, used 17560K [0x0000000081c00000, 0x0000000100000000)
  region size 1024K, 4 young (4096K), 3 survivors (3072K)
 Metaspace       used 25459K, committed 25664K, reserved 1114112K
  class space    used 3240K, committed 3328K, reserved 1048576K
}
Event: 5.698 GC heap after
{Heap after GC invocations=6 (full 0):
 garbage-first heap   total 55296K, used 18085K [0x0000000081c00000, 0x0000000100000000)
  region size 1024K, 1 young (1024K), 1 survivors (1024K)
 Metaspace       used 25459K, committed 25664K, reserved 1114112K
  class space    used 3240K, committed 3328K, reserved 1048576K
}
Event: 6.796 GC heap before
{Heap before GC invocations=6 (full 0):
 garbage-first heap   total 55296K, used 39589K [0x0000000081c00000, 0x0000000100000000)
  region size 1024K, 23 young (23552K), 1 survivors (1024K)
 Metaspace       used 30654K, committed 30848K, reserved 1114112K
  class space    used 3709K, committed 3776K, reserved 1048576K
}
Event: 6.806 GC heap after
{Heap after GC invocations=7 (full 0):
 garbage-first heap   total 55296K, used 20442K [0x0000000081c00000, 0x0000000100000000)
  region size 1024K, 3 young (3072K), 3 survivors (3072K)
 Metaspace       used 30654K, committed 30848K, reserved 1114112K
  class space    used 3709K, committed 3776K, reserved 1048576K
}
Event: 7.764 GC heap before
{Heap before GC invocations=7 (full 0):
 garbage-first heap   total 55296K, used 40922K [0x0000000081c00000, 0x0000000100000000)
  region size 1024K, 23 young (23552K), 3 survivors (3072K)
 Metaspace       used 31371K, committed 31616K, reserved 1114112K
  class space    used 3741K, committed 3840K, reserved 1048576K
}
Event: 7.786 GC heap after
{Heap after GC invocations=8 (full 0):
 garbage-first heap   total 55296K, used 26060K [0x0000000081c00000, 0x0000000100000000)
  region size 1024K, 3 young (3072K), 3 survivors (3072K)
 Metaspace       used 31371K, committed 31616K, reserved 1114112K
  class space    used 3741K, committed 3840K, reserved 1048576K
}
Event: 8.366 GC heap before
{Heap before GC invocations=8 (full 0):
 garbage-first heap   total 55296K, used 40396K [0x0000000081c00000, 0x0000000100000000)
  region size 1024K, 17 young (17408K), 3 survivors (3072K)
 Metaspace       used 32739K, committed 32960K, reserved 1114112K
  class space    used 3886K, committed 3968K, reserved 1048576K
}
Event: 8.381 GC heap after
{Heap after GC invocations=9 (full 0):
 garbage-first heap   total 55296K, used 29485K [0x0000000081c00000, 0x0000000100000000)
  region size 1024K, 3 young (3072K), 3 survivors (3072K)
 Metaspace       used 32739K, committed 32960K, reserved 1114112K
  class space    used 3886K, committed 3968K, reserved 1048576K
}
Event: 8.921 GC heap before
{Heap before GC invocations=9 (full 0):
 garbage-first heap   total 55296K, used 40749K [0x0000000081c00000, 0x0000000100000000)
  region size 1024K, 15 young (15360K), 3 survivors (3072K)
 Metaspace       used 34956K, committed 35200K, reserved 1114112K
  class space    used 4124K, committed 4288K, reserved 1048576K
}
Event: 8.934 GC heap after
{Heap after GC invocations=10 (full 0):
 garbage-first heap   total 110592K, used 31198K [0x0000000081c00000, 0x0000000100000000)
  region size 1024K, 2 young (2048K), 2 survivors (2048K)
 Metaspace       used 34956K, committed 35200K, reserved 1114112K
  class space    used 4124K, committed 4288K, reserved 1048576K
}

