# JRE version: OpenJDK Runtime Environment Temurin-17.0.16+8 (17.0.16+8) (build 17.0.16+8)
# Java VM: OpenJDK 64-Bit Server VM Temurin-17.0.16+8 (17.0.16+8, mixed mode, sharing, tiered, compressed oops, compressed class ptrs, g1 gc, windows-amd64)
GC Precious Log:
 CPUs: 4 total, 4 available
 Memory: 8079M
 Large Page Support: Disabled
 NUMA Support: Disabled
 Compressed Oops: Enabled (32-bit)
 Heap Region Size: 1M
 Heap Min Capacity: 8M
 Heap Initial Capacity: 128M
 Heap Max Capacity: 2020M
 Pre-touch: Disabled
 Parallel Workers: 4
 Concurrent Workers: 1
 Concurrent Refinement Workers: 4
 Periodic GC: Disabled
Heap:
 garbage-first heap   total 256000K, used 159953K [0x0000000081c00000, 0x0000000100000000)
  region size 1024K, 79 young (80896K), 3 survivors (3072K)
 Metaspace       used 57336K, committed 57600K, reserved 1114112K
  class space    used 6341K, committed 6464K, reserved 1048576K
GC Heap History (20 events):
Event: 14.704 GC heap before
{Heap before GC invocations=17 (full 0):
 garbage-first heap   total 76800K, used 58523K [0x0000000081c00000, 0x0000000100000000)
  region size 1024K, 14 young (14336K), 2 survivors (2048K)
 Metaspace       used 44604K, committed 44864K, reserved 1114112K
  class space    used 5210K, committed 5376K, reserved 1048576K
}
Event: 14.717 GC heap after
{Heap after GC invocations=18 (full 0):
 garbage-first heap   total 126976K, used 51131K [0x0000000081c00000, 0x0000000100000000)
  region size 1024K, 2 young (2048K), 2 survivors (2048K)
 Metaspace       used 44604K, committed 44864K, reserved 1114112K
  class space    used 5210K, committed 5376K, reserved 1048576K
}
Event: 18.708 GC heap before
{Heap before GC invocations=19 (full 0):
 garbage-first heap   total 126976K, used 86971K [0x0000000081c00000, 0x0000000100000000)
  region size 1024K, 37 young (37888K), 2 survivors (2048K)
 Metaspace       used 46718K, committed 46976K, reserved 1114112K
  class space    used 5429K, committed 5568K, reserved 1048576K
}
Event: 18.728 GC heap after
{Heap after GC invocations=20 (full 0):
 garbage-first heap   total 126976K, used 59008K [0x0000000081c00000, 0x0000000100000000)
  region size 1024K, 5 young (5120K), 5 survivors (5120K)
 Metaspace       used 46718K, committed 46976K, reserved 1114112K
  class space    used 5429K, committed 5568K, reserved 1048576K
}
Event: 18.791 GC heap before
{Heap before GC invocations=20 (full 0):
 garbage-first heap   total 126976K, used 60032K [0x0000000081c00000, 0x0000000100000000)
  region size 1024K, 6 young (6144K), 5 survivors (5120K)
 Metaspace       used 46968K, committed 47232K, reserved 1114112K
  class space    used 5469K, committed 5568K, reserved 1048576K
}
Event: 18.811 GC heap after
{Heap after GC invocations=21 (full 0):
 garbage-first heap   total 126976K, used 59669K [0x0000000081c00000, 0x0000000100000000)
  region size 1024K, 1 young (1024K), 1 survivors (1024K)
 Metaspace       used 46968K, committed 47232K, reserved 1114112K
  class space    used 5469K, committed 5568K, reserved 1048576K
}
Event: 22.144 GC heap before
{Heap before GC invocations=21 (full 0):
 garbage-first heap   total 126976K, used 91413K [0x0000000081c00000, 0x0000000100000000)
  region size 1024K, 32 young (32768K), 1 survivors (1024K)
 Metaspace       used 51929K, committed 52224K, reserved 1114112K
  class space    used 5929K, committed 6080K, reserved 1048576K
}
Event: 22.166 GC heap after
{Heap after GC invocations=22 (full 0):
 garbage-first heap   total 126976K, used 65664K [0x0000000081c00000, 0x0000000100000000)
  region size 1024K, 4 young (4096K), 4 survivors (4096K)
 Metaspace       used 51929K, committed 52224K, reserved 1114112K
  class space    used 5929K, committed 6080K, reserved 1048576K
}
Event: 24.290 GC heap before
{Heap before GC invocations=23 (full 0):
 garbage-first heap   total 126976K, used 94336K [0x0000000081c00000, 0x0000000100000000)
  region size 1024K, 32 young (32768K), 4 survivors (4096K)
 Metaspace       used 53442K, committed 53760K, reserved 1114112K
  class space    used 6119K, committed 6272K, reserved 1048576K
}
Event: 24.322 GC heap after
{Heap after GC invocations=24 (full 0):
 garbage-first heap   total 126976K, used 71884K [0x0000000081c00000, 0x0000000100000000)
  region size 1024K, 4 young (4096K), 4 survivors (4096K)
 Metaspace       used 53442K, committed 53760K, reserved 1114112K
  class space    used 6119K, committed 6272K, reserved 1048576K
}
Event: 24.644 GC heap before
{Heap before GC invocations=24 (full 0):
 garbage-first heap   total 126976K, used 73932K [0x0000000081c00000, 0x0000000100000000)
  region size 1024K, 6 young (6144K), 4 survivors (4096K)
 Metaspace       used 53671K, committed 53952K, reserved 1114112K
  class space    used 6139K, committed 6272K, reserved 1048576K
}
Event: 24.661 GC heap after
{Heap after GC invocations=25 (full 0):
 garbage-first heap   total 126976K, used 72590K [0x0000000081c00000, 0x0000000100000000)
  region size 1024K, 1 young (1024K), 1 survivors (1024K)
 Metaspace       used 53671K, committed 53952K, reserved 1114112K
  class space    used 6139K, committed 6272K, reserved 1048576K
}
Event: 27.095 GC heap before
{Heap before GC invocations=25 (full 0):
 garbage-first heap   total 126976K, used 97166K [0x0000000081c00000, 0x0000000100000000)
  region size 1024K, 25 young (25600K), 1 survivors (1024K)
 Metaspace       used 55051K, committed 55360K, reserved 1114112K
  class space    used 6191K, committed 6336K, reserved 1048576K
}
Event: 27.111 GC heap after
{Heap after GC invocations=26 (full 0):
 garbage-first heap   total 126976K, used 75737K [0x0000000081c00000, 0x0000000100000000)
  region size 1024K, 4 young (4096K), 4 survivors (4096K)
 Metaspace       used 55051K, committed 55360K, reserved 1114112K
  class space    used 6191K, committed 6336K, reserved 1048576K
}
Event: 29.943 GC heap before
{Heap before GC invocations=27 (full 0):
 garbage-first heap   total 128000K, used 97241K [0x0000000081c00000, 0x0000000100000000)
  region size 1024K, 26 young (26624K), 4 survivors (4096K)
 Metaspace       used 55777K, committed 56128K, reserved 1114112K
  class space    used 6233K, committed 6400K, reserved 1048576K
}
Event: 29.964 GC heap after
{Heap after GC invocations=28 (full 0):
 garbage-first heap   total 128000K, used 79181K [0x0000000081c00000, 0x0000000100000000)
  region size 1024K, 4 young (4096K), 4 survivors (4096K)
 Metaspace       used 55777K, committed 56128K, reserved 1114112K
  class space    used 6233K, committed 6400K, reserved 1048576K
}
Event: 30.131 GC heap before
{Heap before GC invocations=28 (full 0):
 garbage-first heap   total 128000K, used 81229K [0x0000000081c00000, 0x0000000100000000)
  region size 1024K, 6 young (6144K), 4 survivors (4096K)
 Metaspace       used 55839K, committed 56192K, reserved 1114112K
  class space    used 6241K, committed 6400K, reserved 1048576K
}
Event: 30.143 GC heap after
{Heap after GC invocations=29 (full 0):
 garbage-first heap   total 128000K, used 79927K [0x0000000081c00000, 0x0000000100000000)
  region size 1024K, 1 young (1024K), 1 survivors (1024K)
 Metaspace       used 55839K, committed 56192K, reserved 1114112K
  class space    used 6241K, committed 6400K, reserved 1048576K
}
Event: 31.860 GC heap before
{Heap before GC invocations=29 (full 0):
 garbage-first heap   total 128000K, used 100407K [0x0000000081c00000, 0x0000000100000000)
  region size 1024K, 21 young (21504K), 1 survivors (1024K)
 Metaspace       used 56223K, committed 56512K, reserved 1114112K
  class space    used 6264K, committed 6400K, reserved 1048576K
}
Event: 31.871 GC heap after
{Heap after GC invocations=30 (full 0):
 garbage-first heap   total 256000K, used 83153K [0x0000000081c00000, 0x0000000100000000)
  region size 1024K, 3 young (3072K), 3 survivors (3072K)
 Metaspace       used 56223K, committed 56512K, reserved 1114112K
  class space    used 6264K, committed 6400K, reserved 1048576K
}

